{
  "RSpec": {
    "coverage": {
      "/Users/laurengolden/turing_work/3mod/challenges/parks-finder-7/app/helpers/application_helper.rb": {
        "lines": [
          1,
          1,
          null,
          1,
          null,
          null,
          null,
          null,
          null,
          null,
          null,
          null,
          null,
          null,
          null,
          null,
          null,
          null,
          null,
          null,
          null,
          null,
          null,
          null,
          null,
          null,
          null,
          null,
          null,
          null,
          null,
          null,
          null,
          null,
          null,
          null,
          null,
          null,
          null,
          null,
          null,
          null,
          null,
          null,
          null,
          null,
          null,
          null,
          null,
          null,
          null,
          null,
          null,
          null,
          null,
          null,
          null,
          null
        ]
      },
      "/Users/laurengolden/turing_work/3mod/challenges/parks-finder-7/app/facades/park_facade.rb": {
        "lines": [
          1,
          1,
          1,
          1,
          1,
          15,
          null,
          null,
          null,
          1,
          1,
          1,
          1,
          15,
          null,
          null,
          null,
          null,
          null,
          null,
          null,
          null,
          null,
          null,
          null,
          null,
          null,
          null,
          null,
          null,
          null,
          null
        ]
      },
      "/Users/laurengolden/turing_work/3mod/challenges/parks-finder-7/app/poros/park.rb": {
        "lines": [
          1,
          1,
          null,
          null,
          null,
          null,
          1,
          31,
          31,
          31,
          31,
          null,
          null,
          null,
          null,
          null,
          null,
          null,
          null,
          null
        ]
      },
      "/Users/laurengolden/turing_work/3mod/challenges/parks-finder-7/app/services/park_service.rb": {
        "lines": [
          1,
          1,
          3,
          3,
          null,
          null,
          null,
          null,
          1,
          3,
          3,
          null,
          null,
          1,
          3,
          null,
          null
        ]
      },
      "/Users/laurengolden/turing_work/3mod/challenges/parks-finder-7/app/controllers/welcome_controller.rb": {
        "lines": [
          1,
          1,
          null,
          null
        ]
      },
      "/Users/laurengolden/turing_work/3mod/challenges/parks-finder-7/app/controllers/application_controller.rb": {
        "lines": [
          1,
          null
        ]
      },
      "/Users/laurengolden/turing_work/3mod/challenges/parks-finder-7/app/controllers/parks_controller.rb": {
        "lines": [
          1,
          1,
          null,
          1,
          null,
          null
        ]
      },
      "/Users/laurengolden/turing_work/3mod/challenges/parks-finder-7/app/channels/application_cable/channel.rb": {
        "lines": [
          0,
          0,
          0,
          0
        ],
        "branches": {
        }
      },
      "/Users/laurengolden/turing_work/3mod/challenges/parks-finder-7/app/channels/application_cable/connection.rb": {
        "lines": [
          0,
          0,
          0,
          0
        ],
        "branches": {
        }
      },
      "/Users/laurengolden/turing_work/3mod/challenges/parks-finder-7/app/jobs/application_job.rb": {
        "lines": [
          0,
          null,
          null,
          null,
          null,
          null,
          0
        ],
        "branches": {
        }
      },
      "/Users/laurengolden/turing_work/3mod/challenges/parks-finder-7/app/mailers/application_mailer.rb": {
        "lines": [
          0,
          0,
          0,
          0
        ],
        "branches": {
        }
      },
      "/Users/laurengolden/turing_work/3mod/challenges/parks-finder-7/app/models/application_record.rb": {
        "lines": [
          0,
          0,
          0
        ],
        "branches": {
        }
      }
    },
    "timestamp": 1689889923
  }
}
